[2020-06-08T20:05:12.815] [ERROR] skoolapp - OPTIONS /graphql/
[2020-06-08T20:05:13.329] [ERROR] skoolapp - POST /graphql/
[2020-06-08T20:20:57.056] [ERROR] skoolapp - OPTIONS /graphql/
[2020-06-08T20:20:57.461] [ERROR] skoolapp - POST /graphql/
[2020-06-08T20:37:13.646] [ERROR] skoolapp - OPTIONS /graphql/
[2020-06-08T20:37:14.029] [ERROR] skoolapp - POST /graphql/
[2020-06-08T20:37:14.111] [ERROR] skoolapp - POST /graphql/
[2020-06-08T20:39:29.374] [ERROR] skoolapp - OPTIONS /graphql/
[2020-06-08T20:39:29.790] [ERROR] skoolapp - POST /graphql/
[2020-06-08T20:39:29.875] [ERROR] skoolapp - POST /graphql/
[2020-06-08T20:40:05.550] [ERROR] skoolapp - OPTIONS /graphql/
[2020-06-08T20:40:05.558] [ERROR] skoolapp - GraphQLError [Object]: Variable "$details" got invalid value 3456467576 at "details.phone"; Int cannot represent non 32-bit signed integer value: 3456467576
    at C:\Users\damarathun\Downloads\ionicApp\backend\node_modules\graphql\execution\values.js:116:15
    at coerceInputValueImpl (C:\Users\damarathun\Downloads\ionicApp\backend\node_modules\graphql\utilities\coerceInputValue.js:132:9)
    at coerceInputValueImpl (C:\Users\damarathun\Downloads\ionicApp\backend\node_modules\graphql\utilities\coerceInputValue.js:106:34)
    at coerceInputValue (C:\Users\damarathun\Downloads\ionicApp\backend\node_modules\graphql\utilities\coerceInputValue.js:39:10)
    at _loop (C:\Users\damarathun\Downloads\ionicApp\backend\node_modules\graphql\execution\values.js:109:69)
    at coerceVariableValues (C:\Users\damarathun\Downloads\ionicApp\backend\node_modules\graphql\execution\values.js:121:16)
    at getVariableValues (C:\Users\damarathun\Downloads\ionicApp\backend\node_modules\graphql\execution\values.js:50:19)
    at buildExecutionContext (C:\Users\damarathun\Downloads\ionicApp\backend\node_modules\graphql\execution\execute.js:190:61)
    at executeImpl (C:\Users\damarathun\Downloads\ionicApp\backend\node_modules\graphql\execution\execute.js:87:20)
    at execute (C:\Users\damarathun\Downloads\ionicApp\backend\node_modules\graphql\execution\execute.js:62:35)
    at C:\Users\damarathun\Downloads\ionicApp\backend\node_modules\express-graphql\index.js:152:16
    at processTicksAndRejections (internal/process/task_queues.js:97:5) {
  locations: [ { line: 1, column: 28 } ]
}
[2020-06-08T20:40:05.560] [ERROR] skoolapp - POST /graphql/
[2020-06-08T22:43:22.925] [ERROR] skoolapp - OPTIONS /graphql/
[2020-06-08T22:43:23.680] [ERROR] skoolapp - POST /graphql/
[2020-06-08T22:43:23.768] [ERROR] skoolapp - POST /graphql/
[2020-06-08T22:53:18.829] [ERROR] skoolapp - OPTIONS /graphql/
[2020-06-08T22:53:18.844] [ERROR] skoolapp - POST /graphql/
[2020-06-08T22:53:20.623] [ERROR] skoolapp - POST /graphql/
[2020-06-08T22:54:21.557] [ERROR] skoolapp - OPTIONS /graphql/
[2020-06-08T22:54:21.571] [ERROR] skoolapp - POST /graphql/
[2020-06-08T22:54:22.323] [ERROR] skoolapp - POST /graphql/
[2020-06-08T22:57:51.908] [ERROR] skoolapp - OPTIONS /graphql/
[2020-06-08T22:57:51.931] [ERROR] skoolapp - POST /graphql/
[2020-06-08T22:57:52.505] [ERROR] skoolapp - POST /graphql/
[2020-06-08T23:03:31.615] [ERROR] skoolapp - OPTIONS /graphql/
[2020-06-08T23:03:31.635] [ERROR] skoolapp - POST /graphql/
[2020-06-08T23:03:33.228] [ERROR] skoolapp - POST /graphql/
[2020-06-08T23:35:48.440] [ERROR] skoolapp - OPTIONS /graphql/
[2020-06-08T23:35:49.133] [ERROR] skoolapp - POST /graphql/
[2020-06-08T23:35:49.208] [ERROR] skoolapp - POST /graphql/
[2020-06-08T23:39:13.401] [ERROR] skoolapp - OPTIONS /graphql/
[2020-06-08T23:39:13.418] [ERROR] skoolapp - POST /graphql/
[2020-06-08T23:40:56.553] [ERROR] skoolapp - OPTIONS /graphql/
[2020-06-08T23:40:56.564] [ERROR] skoolapp - POST /graphql/
[2020-06-08T23:42:26.406] [ERROR] skoolapp - OPTIONS /graphql/
[2020-06-08T23:42:26.418] [ERROR] skoolapp - POST /graphql/
[2020-06-08T23:43:58.534] [ERROR] skoolapp - OPTIONS /graphql/
[2020-06-08T23:43:59.328] [ERROR] skoolapp - POST /graphql/
[2020-06-08T23:43:59.418] [ERROR] skoolapp - POST /graphql/
[2020-06-08T23:44:39.338] [ERROR] skoolapp - OPTIONS /graphql/
[2020-06-08T23:44:39.348] [ERROR] skoolapp - POST /graphql/
[2020-06-08T23:45:15.715] [ERROR] skoolapp - OPTIONS /graphql/
[2020-06-08T23:45:15.727] [ERROR] skoolapp - POST /graphql/
[2020-06-08T23:45:47.637] [ERROR] skoolapp - OPTIONS /graphql/
[2020-06-08T23:45:47.651] [ERROR] skoolapp - POST /graphql/
[2020-06-08T23:47:09.674] [ERROR] skoolapp - OPTIONS /graphql/
[2020-06-08T23:47:09.685] [ERROR] skoolapp - POST /graphql/
[2020-06-08T23:48:14.172] [ERROR] skoolapp - OPTIONS /graphql/
[2020-06-08T23:48:14.227] [ERROR] skoolapp - POST /graphql/
[2020-06-08T23:48:39.106] [ERROR] skoolapp - OPTIONS /graphql/
[2020-06-08T23:48:39.117] [ERROR] skoolapp - POST /graphql/
[2020-06-08T23:49:03.334] [ERROR] skoolapp - OPTIONS /graphql/
[2020-06-08T23:49:03.348] [ERROR] skoolapp - POST /graphql/
[2020-06-08T23:52:14.250] [ERROR] skoolapp - OPTIONS /graphql/
[2020-06-08T23:52:14.260] [ERROR] skoolapp - POST /graphql/
[2020-06-08T23:53:28.426] [ERROR] skoolapp - OPTIONS /graphql/
[2020-06-08T23:53:28.436] [ERROR] skoolapp - POST /graphql/
[2020-06-08T23:55:37.577] [ERROR] skoolapp - OPTIONS /graphql/
[2020-06-08T23:55:37.590] [ERROR] skoolapp - POST /graphql/
[2020-06-08T23:56:41.062] [ERROR] skoolapp - OPTIONS /graphql/
[2020-06-08T23:56:41.802] [ERROR] skoolapp - POST /graphql/
[2020-06-08T23:56:41.902] [ERROR] skoolapp - POST /graphql/
[2020-06-08T23:58:59.501] [ERROR] skoolapp - OPTIONS /graphql/
[2020-06-08T23:59:00.263] [ERROR] skoolapp - POST /graphql/
[2020-06-08T23:59:00.333] [ERROR] skoolapp - POST /graphql/
[2020-06-08T23:59:57.744] [ERROR] skoolapp - OPTIONS /graphql/
[2020-06-08T23:59:58.489] [ERROR] skoolapp - POST /graphql/
[2020-06-08T23:59:58.582] [ERROR] skoolapp - POST /graphql/
[2020-06-09T00:01:05.025] [ERROR] skoolapp - OPTIONS /graphql/
[2020-06-09T00:01:05.759] [ERROR] skoolapp - POST /graphql/
[2020-06-09T00:01:05.857] [ERROR] skoolapp - POST /graphql/
[2020-06-09T00:02:23.030] [ERROR] skoolapp - OPTIONS /graphql/
[2020-06-09T00:02:23.742] [ERROR] skoolapp - POST /graphql/
[2020-06-09T00:02:23.827] [ERROR] skoolapp - POST /graphql/
[2020-06-09T00:03:05.225] [ERROR] skoolapp - OPTIONS /graphql/
[2020-06-09T00:03:05.869] [ERROR] skoolapp - POST /graphql/
[2020-06-09T00:03:05.954] [ERROR] skoolapp - POST /graphql/
[2020-06-09T00:03:38.662] [ERROR] skoolapp - OPTIONS /graphql/
[2020-06-09T00:03:39.424] [ERROR] skoolapp - POST /graphql/
[2020-06-09T00:03:39.500] [ERROR] skoolapp - POST /graphql/
[2020-06-09T00:13:21.378] [ERROR] skoolapp - OPTIONS /graphql/
[2020-06-09T00:13:21.389] [ERROR] skoolapp - POST /graphql/
[2020-06-09T00:17:02.297] [ERROR] skoolapp - OPTIONS /graphql/
[2020-06-09T00:17:02.308] [ERROR] skoolapp - POST /graphql/
[2020-06-09T00:17:50.403] [ERROR] skoolapp - OPTIONS /graphql/
[2020-06-09T00:17:50.416] [ERROR] skoolapp - POST /graphql/
[2020-06-09T00:19:09.252] [ERROR] skoolapp - OPTIONS /graphql/
[2020-06-09T00:19:09.262] [ERROR] skoolapp - POST /graphql/
[2020-06-09T00:20:27.185] [ERROR] skoolapp - OPTIONS /graphql/
[2020-06-09T00:20:27.197] [ERROR] skoolapp - POST /graphql/
[2020-06-09T00:22:45.882] [ERROR] skoolapp - OPTIONS /graphql/
[2020-06-09T00:22:45.899] [ERROR] skoolapp - POST /graphql/
[2020-06-09T00:23:39.751] [ERROR] skoolapp - OPTIONS /graphql/
[2020-06-09T00:23:39.765] [ERROR] skoolapp - POST /graphql/
[2020-06-09T00:36:15.475] [ERROR] skoolapp - OPTIONS /graphql/
[2020-06-09T00:36:15.484] [ERROR] skoolapp - POST /graphql/
[2020-06-09T00:47:05.966] [ERROR] skoolapp - OPTIONS /graphql/
[2020-06-09T00:47:06.538] [ERROR] skoolapp - POST /graphql/
[2020-06-09T00:51:41.781] [ERROR] skoolapp - OPTIONS /graphql/
[2020-06-09T00:51:42.338] [ERROR] skoolapp - POST /graphql/
[2020-06-09T01:11:01.389] [ERROR] skoolapp - OPTIONS /graphql/
[2020-06-09T01:11:01.978] [ERROR] skoolapp - POST /graphql/
[2020-06-09T01:23:23.604] [ERROR] skoolapp - OPTIONS /graphql/
[2020-06-09T01:23:23.616] [ERROR] skoolapp - POST /graphql/
[2020-06-09T01:25:19.154] [ERROR] skoolapp - OPTIONS /graphql/
[2020-06-09T01:25:19.170] [ERROR] skoolapp - POST /graphql/
[2020-06-09T01:26:28.247] [ERROR] skoolapp - OPTIONS /graphql/
[2020-06-09T01:26:28.258] [ERROR] skoolapp - POST /graphql/
[2020-06-09T01:37:53.414] [ERROR] skoolapp - OPTIONS /graphql/
[2020-06-09T01:37:53.430] [ERROR] skoolapp - POST /graphql/
[2020-06-09T01:40:04.501] [ERROR] skoolapp - OPTIONS /graphql/
[2020-06-09T01:40:04.511] [ERROR] skoolapp - POST /graphql/
[2020-06-09T01:43:20.545] [ERROR] skoolapp - OPTIONS /graphql/
[2020-06-09T01:43:20.555] [ERROR] skoolapp - POST /graphql/
[2020-06-09T01:44:35.107] [ERROR] skoolapp - OPTIONS /graphql/
[2020-06-09T01:44:35.119] [ERROR] skoolapp - POST /graphql/
[2020-06-09T01:44:49.313] [ERROR] skoolapp - OPTIONS /graphql/
[2020-06-09T01:44:49.328] [ERROR] skoolapp - POST /graphql/
[2020-06-09T01:48:36.548] [ERROR] skoolapp - OPTIONS /graphql/
[2020-06-09T01:48:36.569] [ERROR] skoolapp - POST /graphql/
[2020-06-09T01:48:54.262] [ERROR] skoolapp - OPTIONS /graphql/
[2020-06-09T01:48:54.276] [ERROR] skoolapp - POST /graphql/
[2020-06-09T01:52:15.993] [ERROR] skoolapp - OPTIONS /graphql/
[2020-06-09T01:52:16.004] [ERROR] skoolapp - POST /graphql/
[2020-06-09T01:52:46.207] [ERROR] skoolapp - OPTIONS /graphql/
[2020-06-09T01:52:46.222] [ERROR] skoolapp - POST /graphql/
[2020-06-09T01:53:41.304] [ERROR] skoolapp - OPTIONS /graphql/
[2020-06-09T01:53:42.034] [ERROR] skoolapp - POST /graphql/
[2020-06-09T01:53:42.118] [ERROR] skoolapp - POST /graphql/
[2020-06-09T01:55:30.939] [ERROR] skoolapp - OPTIONS /graphql/
[2020-06-09T01:55:30.948] [ERROR] skoolapp - POST /graphql/
[2020-06-09T01:56:53.932] [ERROR] skoolapp - OPTIONS /graphql/
[2020-06-09T01:56:53.942] [ERROR] skoolapp - POST /graphql/
[2020-06-09T01:57:23.078] [ERROR] skoolapp - OPTIONS /graphql/
[2020-06-09T01:57:23.087] [ERROR] skoolapp - POST /graphql/
[2020-06-09T01:57:47.430] [ERROR] skoolapp - OPTIONS /graphql/
[2020-06-09T01:57:47.444] [ERROR] skoolapp - POST /graphql/
[2020-06-09T01:58:10.076] [ERROR] skoolapp - OPTIONS /graphql/
[2020-06-09T01:58:10.090] [ERROR] skoolapp - POST /graphql/
[2020-06-09T02:02:16.622] [ERROR] skoolapp - OPTIONS /graphql/
[2020-06-09T02:02:16.634] [ERROR] skoolapp - POST /graphql/
[2020-06-09T02:07:35.745] [ERROR] skoolapp - OPTIONS /graphql/
[2020-06-09T02:07:36.456] [ERROR] skoolapp - POST /graphql/
[2020-06-09T02:07:36.553] [ERROR] skoolapp - POST /graphql/
[2020-06-09T02:08:39.934] [ERROR] skoolapp - OPTIONS /graphql/
[2020-06-09T02:08:39.945] [ERROR] skoolapp - POST /graphql/
[2020-06-09T02:09:55.973] [ERROR] skoolapp - OPTIONS /graphql/
[2020-06-09T02:09:55.989] [ERROR] skoolapp - POST /graphql/
[2020-06-09T02:10:07.154] [ERROR] skoolapp - OPTIONS /graphql/
[2020-06-09T02:10:07.165] [ERROR] skoolapp - POST /graphql/
[2020-06-09T02:12:32.166] [ERROR] skoolapp - OPTIONS /graphql/
[2020-06-09T02:12:32.177] [ERROR] skoolapp - POST /graphql/
[2020-06-09T02:12:49.731] [ERROR] skoolapp - OPTIONS /graphql/
[2020-06-09T02:12:49.747] [ERROR] skoolapp - POST /graphql/
[2020-06-09T02:16:28.919] [ERROR] skoolapp - OPTIONS /graphql/
[2020-06-09T02:16:28.931] [ERROR] skoolapp - POST /graphql/
[2020-06-09T02:22:56.437] [ERROR] skoolapp - OPTIONS /graphql/
[2020-06-09T02:22:56.450] [ERROR] skoolapp - POST /graphql/
[2020-06-09T02:23:00.011] [ERROR] skoolapp - POST /graphql/
[2020-06-09T02:30:44.618] [ERROR] skoolapp - OPTIONS /graphql/
[2020-06-09T02:30:44.641] [ERROR] skoolapp - POST /graphql/
[2020-06-09T02:33:58.366] [ERROR] skoolapp - OPTIONS /graphql/
[2020-06-09T02:33:58.393] [ERROR] skoolapp - POST /graphql/
[2020-06-09T02:36:08.103] [ERROR] skoolapp - OPTIONS /graphql/
[2020-06-09T02:36:08.128] [ERROR] skoolapp - POST /graphql/
[2020-06-09T02:36:27.610] [ERROR] skoolapp - OPTIONS /graphql/
[2020-06-09T02:36:27.622] [ERROR] skoolapp - POST /graphql/
[2020-06-09T02:37:22.708] [ERROR] skoolapp - OPTIONS /graphql/
[2020-06-09T02:37:22.719] [ERROR] skoolapp - POST /graphql/
[2020-06-09T02:37:45.109] [ERROR] skoolapp - OPTIONS /graphql/
[2020-06-09T02:37:45.118] [ERROR] skoolapp - POST /graphql/
[2020-06-09T02:37:48.852] [ERROR] skoolapp - POST /graphql/
[2020-06-09T02:43:37.800] [ERROR] skoolapp - OPTIONS /graphql/
[2020-06-09T02:43:37.819] [ERROR] skoolapp - POST /graphql/
[2020-06-09T02:46:18.730] [ERROR] skoolapp - OPTIONS /graphql/
[2020-06-09T02:46:19.698] [ERROR] skoolapp - POST /graphql/
[2020-06-09T02:46:19.772] [ERROR] skoolapp - POST /graphql/
[2020-06-09T02:46:47.554] [ERROR] skoolapp - OPTIONS /graphql/
[2020-06-09T02:46:48.440] [ERROR] skoolapp - POST /graphql/
[2020-06-09T02:46:48.568] [ERROR] skoolapp - POST /graphql/
[2020-06-09T02:47:46.290] [ERROR] skoolapp - OPTIONS /graphql/
[2020-06-09T02:47:46.301] [ERROR] skoolapp - POST /graphql/
[2020-06-09T02:48:21.697] [ERROR] skoolapp - OPTIONS /graphql/
[2020-06-09T02:48:22.679] [ERROR] skoolapp - POST /graphql/
[2020-06-09T02:48:22.794] [ERROR] skoolapp - POST /graphql/
[2020-06-09T02:49:45.699] [ERROR] skoolapp - OPTIONS /graphql/
[2020-06-09T02:49:45.717] [ERROR] skoolapp - POST /graphql/
[2020-06-09T02:49:46.208] [ERROR] skoolapp - POST /graphql/
[2020-06-09T02:51:50.959] [ERROR] skoolapp - OPTIONS /graphql/
[2020-06-09T02:51:50.985] [ERROR] skoolapp - POST /graphql/
[2020-06-09T02:51:53.377] [ERROR] skoolapp - POST /graphql/
[2020-06-09T08:01:11.120] [ERROR] skoolapp - OPTIONS /graphql/
[2020-06-09T08:01:11.127] [ERROR] skoolapp - Error: Not authenticated!
    at Object.institutions (file:///C:/Users/damarathun/Downloads/ionicApp/backend/graphql/resolvers/institutionResolver.js:42:23)
    at defaultFieldResolver (C:\Users\damarathun\Downloads\ionicApp\backend\node_modules\graphql\execution\execute.js:820:36)
    at resolveFieldValueOrError (C:\Users\damarathun\Downloads\ionicApp\backend\node_modules\graphql\execution\execute.js:486:18)
    at resolveField (C:\Users\damarathun\Downloads\ionicApp\backend\node_modules\graphql\execution\execute.js:444:16)
    at executeFields (C:\Users\damarathun\Downloads\ionicApp\backend\node_modules\graphql\execution\execute.js:281:18)
    at executeOperation (C:\Users\damarathun\Downloads\ionicApp\backend\node_modules\graphql\execution\execute.js:225:122)
    at executeImpl (C:\Users\damarathun\Downloads\ionicApp\backend\node_modules\graphql\execution\execute.js:102:14)
    at execute (C:\Users\damarathun\Downloads\ionicApp\backend\node_modules\graphql\execution\execute.js:62:35)
    at C:\Users\damarathun\Downloads\ionicApp\backend\node_modules\express-graphql\index.js:152:16
    at runMicrotasks (<anonymous>)
    at processTicksAndRejections (internal/process/task_queues.js:97:5) {
  locations: [ { line: 2, column: 3 } ],
  path: [ 'institutions' ]
}
[2020-06-09T08:01:11.128] [ERROR] skoolapp - POST /graphql/
[2020-06-09T08:01:12.148] [ERROR] skoolapp - Error: Not authenticated!
    at Object.institutions (file:///C:/Users/damarathun/Downloads/ionicApp/backend/graphql/resolvers/institutionResolver.js:42:23)
    at defaultFieldResolver (C:\Users\damarathun\Downloads\ionicApp\backend\node_modules\graphql\execution\execute.js:820:36)
    at resolveFieldValueOrError (C:\Users\damarathun\Downloads\ionicApp\backend\node_modules\graphql\execution\execute.js:486:18)
    at resolveField (C:\Users\damarathun\Downloads\ionicApp\backend\node_modules\graphql\execution\execute.js:444:16)
    at executeFields (C:\Users\damarathun\Downloads\ionicApp\backend\node_modules\graphql\execution\execute.js:281:18)
    at executeOperation (C:\Users\damarathun\Downloads\ionicApp\backend\node_modules\graphql\execution\execute.js:225:122)
    at executeImpl (C:\Users\damarathun\Downloads\ionicApp\backend\node_modules\graphql\execution\execute.js:102:14)
    at execute (C:\Users\damarathun\Downloads\ionicApp\backend\node_modules\graphql\execution\execute.js:62:35)
    at C:\Users\damarathun\Downloads\ionicApp\backend\node_modules\express-graphql\index.js:152:16
    at runMicrotasks (<anonymous>)
    at processTicksAndRejections (internal/process/task_queues.js:97:5) {
  locations: [ { line: 2, column: 3 } ],
  path: [ 'institutions' ]
}
[2020-06-09T08:01:12.149] [ERROR] skoolapp - POST /graphql/
[2020-06-09T08:01:50.698] [ERROR] skoolapp - OPTIONS /graphql/
[2020-06-09T08:01:51.951] [ERROR] skoolapp - POST /graphql/
[2020-06-09T08:01:52.137] [ERROR] skoolapp - POST /graphql/
[2020-06-09T08:04:50.788] [ERROR] skoolapp - OPTIONS /graphql/
[2020-06-09T08:04:50.800] [ERROR] skoolapp - POST /graphql/
[2020-06-09T08:04:56.557] [ERROR] skoolapp - OPTIONS /graphql/
[2020-06-09T08:04:56.566] [ERROR] skoolapp - POST /graphql/
[2020-06-09T08:06:10.200] [ERROR] skoolapp - OPTIONS /graphql/
[2020-06-09T08:06:10.212] [ERROR] skoolapp - POST /graphql/
[2020-06-09T08:09:55.220] [ERROR] skoolapp - OPTIONS /graphql/
[2020-06-09T08:09:55.234] [ERROR] skoolapp - POST /graphql/
[2020-06-09T08:13:15.172] [ERROR] skoolapp - OPTIONS /graphql/
[2020-06-09T08:13:15.188] [ERROR] skoolapp - POST /graphql/
[2020-06-09T08:14:28.513] [ERROR] skoolapp - OPTIONS /graphql/
[2020-06-09T08:14:28.524] [ERROR] skoolapp - POST /graphql/
[2020-06-09T08:16:49.976] [ERROR] skoolapp - OPTIONS /graphql/
[2020-06-09T08:16:49.987] [ERROR] skoolapp - POST /graphql/
[2020-06-09T08:17:39.310] [ERROR] skoolapp - OPTIONS /graphql/
[2020-06-09T08:17:39.320] [ERROR] skoolapp - POST /graphql/
[2020-06-09T08:18:28.937] [ERROR] skoolapp - OPTIONS /graphql/
[2020-06-09T08:18:28.949] [ERROR] skoolapp - POST /graphql/
[2020-06-09T08:20:29.380] [ERROR] skoolapp - OPTIONS /graphql/
[2020-06-09T08:20:29.396] [ERROR] skoolapp - POST /graphql/
[2020-06-09T08:21:33.434] [ERROR] skoolapp - OPTIONS /graphql/
[2020-06-09T08:21:33.446] [ERROR] skoolapp - POST /graphql/
[2020-06-09T08:21:39.269] [ERROR] skoolapp - OPTIONS /graphql/
[2020-06-09T08:21:39.276] [ERROR] skoolapp - POST /graphql/
[2020-06-09T08:42:54.886] [ERROR] skoolapp - OPTIONS /graphql/
[2020-06-09T08:42:54.898] [ERROR] skoolapp - POST /graphql/
[2020-06-09T08:43:27.188] [ERROR] skoolapp - OPTIONS /graphql/
[2020-06-09T08:43:27.200] [ERROR] skoolapp - POST /graphql/
[2020-06-09T08:43:53.797] [ERROR] skoolapp - OPTIONS /graphql/
[2020-06-09T08:43:53.806] [ERROR] skoolapp - POST /graphql/
[2020-06-09T08:45:48.851] [ERROR] skoolapp - OPTIONS /graphql/
[2020-06-09T08:45:48.862] [ERROR] skoolapp - POST /graphql/
[2020-06-09T08:47:30.272] [ERROR] skoolapp - OPTIONS /graphql/
[2020-06-09T08:47:30.285] [ERROR] skoolapp - POST /graphql/
[2020-06-09T08:48:46.318] [ERROR] skoolapp - OPTIONS /graphql/
[2020-06-09T08:48:46.330] [ERROR] skoolapp - POST /graphql/
[2020-06-09T08:49:47.861] [ERROR] skoolapp - OPTIONS /graphql/
[2020-06-09T08:49:47.870] [ERROR] skoolapp - POST /graphql/
[2020-06-09T08:51:03.547] [ERROR] skoolapp - OPTIONS /graphql/
[2020-06-09T08:51:03.557] [ERROR] skoolapp - POST /graphql/
[2020-06-09T08:52:15.350] [ERROR] skoolapp - OPTIONS /graphql/
[2020-06-09T08:52:15.368] [ERROR] skoolapp - POST /graphql/
[2020-06-09T08:52:57.952] [ERROR] skoolapp - OPTIONS /graphql/
[2020-06-09T08:52:57.963] [ERROR] skoolapp - POST /graphql/
[2020-06-09T08:55:36.354] [ERROR] skoolapp - OPTIONS /graphql/
[2020-06-09T08:55:36.367] [ERROR] skoolapp - POST /graphql/
[2020-06-09T08:55:55.118] [ERROR] skoolapp - OPTIONS /graphql/
[2020-06-09T08:55:55.128] [ERROR] skoolapp - POST /graphql/
[2020-06-09T09:36:12.510] [ERROR] skoolapp - OPTIONS /graphql/
[2020-06-09T09:36:12.521] [ERROR] skoolapp - POST /graphql/
[2020-06-09T09:37:20.619] [ERROR] skoolapp - OPTIONS /graphql/
[2020-06-09T09:37:20.633] [ERROR] skoolapp - POST /graphql/
[2020-06-09T09:38:48.332] [ERROR] skoolapp - OPTIONS /graphql/
[2020-06-09T09:38:48.344] [ERROR] skoolapp - POST /graphql/
[2020-06-09T09:38:55.995] [ERROR] skoolapp - OPTIONS /graphql/
[2020-06-09T09:38:56.000] [ERROR] skoolapp - POST /graphql/
[2020-06-09T09:40:25.778] [ERROR] skoolapp - OPTIONS /graphql/
[2020-06-09T09:40:25.787] [ERROR] skoolapp - POST /graphql/
[2020-06-09T09:45:31.836] [ERROR] skoolapp - GET /graphql/
[2020-06-09T09:45:32.398] [ERROR] skoolapp - POST /graphql/?
[2020-06-09T09:45:38.877] [ERROR] skoolapp - GraphQLError [Object]: Syntax Error: Expected Name, found "}".
    at syntaxError (C:\Users\damarathun\Downloads\ionicApp\backend\node_modules\graphql\error\syntaxError.js:15:10)
    at Parser.expectToken (C:\Users\damarathun\Downloads\ionicApp\backend\node_modules\graphql\language\parser.js:1423:40)
    at Parser.parseName (C:\Users\damarathun\Downloads\ionicApp\backend\node_modules\graphql\language\parser.js:92:22)
    at Parser.parseField (C:\Users\damarathun\Downloads\ionicApp\backend\node_modules\graphql\language\parser.js:289:28)
    at Parser.parseSelection (C:\Users\damarathun\Downloads\ionicApp\backend\node_modules\graphql\language\parser.js:278:81)
    at Parser.many (C:\Users\damarathun\Downloads\ionicApp\backend\node_modules\graphql\language\parser.js:1537:26)
    at Parser.parseSelectionSet (C:\Users\damarathun\Downloads\ionicApp\backend\node_modules\graphql\language\parser.js:265:24)
    at Parser.parseField (C:\Users\damarathun\Downloads\ionicApp\backend\node_modules\graphql\language\parser.js:306:68)
    at Parser.parseSelection (C:\Users\damarathun\Downloads\ionicApp\backend\node_modules\graphql\language\parser.js:278:81)
    at Parser.many (C:\Users\damarathun\Downloads\ionicApp\backend\node_modules\graphql\language\parser.js:1537:26)
    at Parser.parseSelectionSet (C:\Users\damarathun\Downloads\ionicApp\backend\node_modules\graphql\language\parser.js:265:24)
    at Parser.parseField (C:\Users\damarathun\Downloads\ionicApp\backend\node_modules\graphql\language\parser.js:306:68)
    at Parser.parseSelection (C:\Users\damarathun\Downloads\ionicApp\backend\node_modules\graphql\language\parser.js:278:81)
    at Parser.many (C:\Users\damarathun\Downloads\ionicApp\backend\node_modules\graphql\language\parser.js:1537:26)
    at Parser.parseSelectionSet (C:\Users\damarathun\Downloads\ionicApp\backend\node_modules\graphql\language\parser.js:265:24)
    at Parser.parseField (C:\Users\damarathun\Downloads\ionicApp\backend\node_modules\graphql\language\parser.js:306:68)
    at Parser.parseSelection (C:\Users\damarathun\Downloads\ionicApp\backend\node_modules\graphql\language\parser.js:278:81)
    at Parser.many (C:\Users\damarathun\Downloads\ionicApp\backend\node_modules\graphql\language\parser.js:1537:26)
    at Parser.parseSelectionSet (C:\Users\damarathun\Downloads\ionicApp\backend\node_modules\graphql\language\parser.js:265:24)
    at Parser.parseOperationDefinition (C:\Users\damarathun\Downloads\ionicApp\backend\node_modules\graphql\language\parser.js:175:28)
    at Parser.parseDefinition (C:\Users\damarathun\Downloads\ionicApp\backend\node_modules\graphql\language\parser.js:150:19)
    at Parser.many (C:\Users\damarathun\Downloads\ionicApp\backend\node_modules\graphql\language\parser.js:1537:26) {
  locations: [ { line: 74, column: 7 } ]
}
[2020-06-09T09:45:38.881] [ERROR] skoolapp - POST /graphql/?
[2020-06-09T14:11:38.750] [ERROR] skoolapp - OPTIONS /graphql/
[2020-06-09T14:11:39.280] [ERROR] skoolapp - POST /graphql/
[2020-06-09T14:11:39.379] [ERROR] skoolapp - POST /graphql/
[2020-06-09T14:15:46.223] [ERROR] skoolapp - OPTIONS /graphql/
[2020-06-09T14:15:46.243] [ERROR] skoolapp - POST /graphql/
[2020-06-09T14:16:14.493] [ERROR] skoolapp - OPTIONS /graphql/
[2020-06-09T14:16:14.513] [ERROR] skoolapp - POST /graphql/
[2020-06-09T14:17:43.520] [ERROR] skoolapp - OPTIONS /graphql/
[2020-06-09T14:17:43.543] [ERROR] skoolapp - POST /graphql/
[2020-06-09T14:17:57.772] [ERROR] skoolapp - OPTIONS /graphql/
[2020-06-09T14:17:57.788] [ERROR] skoolapp - POST /graphql/
[2020-06-09T14:27:30.571] [ERROR] skoolapp - OPTIONS /graphql/
[2020-06-09T14:27:30.587] [ERROR] skoolapp - POST /graphql/
[2020-06-09T14:28:53.198] [ERROR] skoolapp - OPTIONS /graphql/
[2020-06-09T14:28:53.217] [ERROR] skoolapp - POST /graphql/
[2020-06-09T14:29:08.637] [ERROR] skoolapp - OPTIONS /graphql/
[2020-06-09T14:29:08.666] [ERROR] skoolapp - POST /graphql/
[2020-06-09T14:29:33.659] [ERROR] skoolapp - OPTIONS /graphql/
[2020-06-09T14:29:33.671] [ERROR] skoolapp - POST /graphql/
[2020-06-09T14:30:21.684] [ERROR] skoolapp - OPTIONS /graphql/
[2020-06-09T14:30:21.702] [ERROR] skoolapp - POST /graphql/
[2020-06-09T14:30:50.022] [ERROR] skoolapp - OPTIONS /graphql/
[2020-06-09T14:30:50.043] [ERROR] skoolapp - POST /graphql/
[2020-06-09T14:31:13.458] [ERROR] skoolapp - OPTIONS /graphql/
[2020-06-09T14:31:13.475] [ERROR] skoolapp - POST /graphql/
[2020-06-09T14:32:20.184] [ERROR] skoolapp - OPTIONS /graphql/
[2020-06-09T14:32:20.203] [ERROR] skoolapp - POST /graphql/
[2020-06-09T14:36:54.205] [ERROR] skoolapp - OPTIONS /graphql/
[2020-06-09T14:36:54.225] [ERROR] skoolapp - POST /graphql/
[2020-06-09T14:37:59.768] [ERROR] skoolapp - OPTIONS /graphql/
[2020-06-09T14:37:59.784] [ERROR] skoolapp - POST /graphql/
[2020-06-09T14:38:39.743] [ERROR] skoolapp - OPTIONS /graphql/
[2020-06-09T14:38:39.757] [ERROR] skoolapp - POST /graphql/
[2020-06-09T14:39:05.762] [ERROR] skoolapp - OPTIONS /graphql/
[2020-06-09T14:39:05.777] [ERROR] skoolapp - POST /graphql/
[2020-06-09T14:39:35.671] [ERROR] skoolapp - OPTIONS /graphql/
[2020-06-09T14:39:35.684] [ERROR] skoolapp - POST /graphql/
[2020-06-09T14:46:21.278] [ERROR] skoolapp - OPTIONS /graphql/
[2020-06-09T14:46:21.291] [ERROR] skoolapp - POST /graphql/
[2020-06-09T14:50:48.228] [ERROR] skoolapp - OPTIONS /graphql/
[2020-06-09T14:50:48.245] [ERROR] skoolapp - POST /graphql/
[2020-06-09T14:51:41.855] [ERROR] skoolapp - OPTIONS /graphql/
[2020-06-09T14:51:41.869] [ERROR] skoolapp - POST /graphql/
[2020-06-09T14:53:55.706] [ERROR] skoolapp - OPTIONS /graphql/
[2020-06-09T14:53:55.719] [ERROR] skoolapp - POST /graphql/
[2020-06-09T14:54:08.737] [ERROR] skoolapp - OPTIONS /graphql/
[2020-06-09T14:54:08.749] [ERROR] skoolapp - POST /graphql/
[2020-06-09T14:54:34.250] [ERROR] skoolapp - OPTIONS /graphql/
[2020-06-09T14:54:34.263] [ERROR] skoolapp - POST /graphql/
[2020-06-09T14:55:00.437] [ERROR] skoolapp - OPTIONS /graphql/
[2020-06-09T14:55:00.450] [ERROR] skoolapp - POST /graphql/
[2020-06-09T14:55:43.890] [ERROR] skoolapp - OPTIONS /graphql/
[2020-06-09T14:55:43.904] [ERROR] skoolapp - POST /graphql/
[2020-06-09T14:55:59.437] [ERROR] skoolapp - OPTIONS /graphql/
[2020-06-09T14:55:59.460] [ERROR] skoolapp - POST /graphql/
[2020-06-09T14:56:07.800] [ERROR] skoolapp - OPTIONS /graphql/
[2020-06-09T14:56:07.806] [ERROR] skoolapp - POST /graphql/
[2020-06-09T14:59:06.523] [ERROR] skoolapp - OPTIONS /graphql/
[2020-06-09T14:59:06.540] [ERROR] skoolapp - POST /graphql/
[2020-06-09T16:30:00.062] [ERROR] skoolapp - OPTIONS /graphql/
[2020-06-09T16:30:00.087] [ERROR] skoolapp - Error: Not authenticated!
    at Object.institutions (file:///C:/Users/damarathun/Downloads/ionicApp/backend/graphql/resolvers/institutionResolver.js:42:23)
    at defaultFieldResolver (C:\Users\damarathun\Downloads\ionicApp\backend\node_modules\graphql\execution\execute.js:820:36)
    at resolveFieldValueOrError (C:\Users\damarathun\Downloads\ionicApp\backend\node_modules\graphql\execution\execute.js:486:18)
    at resolveField (C:\Users\damarathun\Downloads\ionicApp\backend\node_modules\graphql\execution\execute.js:444:16)
    at executeFields (C:\Users\damarathun\Downloads\ionicApp\backend\node_modules\graphql\execution\execute.js:281:18)
    at executeOperation (C:\Users\damarathun\Downloads\ionicApp\backend\node_modules\graphql\execution\execute.js:225:122)
    at executeImpl (C:\Users\damarathun\Downloads\ionicApp\backend\node_modules\graphql\execution\execute.js:102:14)
    at execute (C:\Users\damarathun\Downloads\ionicApp\backend\node_modules\graphql\execution\execute.js:62:35)
    at C:\Users\damarathun\Downloads\ionicApp\backend\node_modules\express-graphql\index.js:152:16
    at processTicksAndRejections (internal/process/task_queues.js:97:5) {
  locations: [ { line: 2, column: 3 } ],
  path: [ 'institutions' ]
}
[2020-06-09T16:30:00.099] [ERROR] skoolapp - POST /graphql/
[2020-06-09T16:35:12.488] [ERROR] skoolapp - OPTIONS /graphql/
[2020-06-09T16:35:12.492] [ERROR] skoolapp - Error: Not authenticated!
    at Object.institutions (file:///C:/Users/damarathun/Downloads/ionicApp/backend/graphql/resolvers/institutionResolver.js:42:23)
    at defaultFieldResolver (C:\Users\damarathun\Downloads\ionicApp\backend\node_modules\graphql\execution\execute.js:820:36)
    at resolveFieldValueOrError (C:\Users\damarathun\Downloads\ionicApp\backend\node_modules\graphql\execution\execute.js:486:18)
    at resolveField (C:\Users\damarathun\Downloads\ionicApp\backend\node_modules\graphql\execution\execute.js:444:16)
    at executeFields (C:\Users\damarathun\Downloads\ionicApp\backend\node_modules\graphql\execution\execute.js:281:18)
    at executeOperation (C:\Users\damarathun\Downloads\ionicApp\backend\node_modules\graphql\execution\execute.js:225:122)
    at executeImpl (C:\Users\damarathun\Downloads\ionicApp\backend\node_modules\graphql\execution\execute.js:102:14)
    at execute (C:\Users\damarathun\Downloads\ionicApp\backend\node_modules\graphql\execution\execute.js:62:35)
    at C:\Users\damarathun\Downloads\ionicApp\backend\node_modules\express-graphql\index.js:152:16
    at processTicksAndRejections (internal/process/task_queues.js:97:5) {
  locations: [ { line: 2, column: 3 } ],
  path: [ 'institutions' ]
}
[2020-06-09T16:35:12.494] [ERROR] skoolapp - POST /graphql/
[2020-06-09T16:36:28.067] [ERROR] skoolapp - OPTIONS /graphql/
[2020-06-09T16:36:28.071] [ERROR] skoolapp - Error: Not authenticated!
    at Object.institutions (file:///C:/Users/damarathun/Downloads/ionicApp/backend/graphql/resolvers/institutionResolver.js:42:23)
    at defaultFieldResolver (C:\Users\damarathun\Downloads\ionicApp\backend\node_modules\graphql\execution\execute.js:820:36)
    at resolveFieldValueOrError (C:\Users\damarathun\Downloads\ionicApp\backend\node_modules\graphql\execution\execute.js:486:18)
    at resolveField (C:\Users\damarathun\Downloads\ionicApp\backend\node_modules\graphql\execution\execute.js:444:16)
    at executeFields (C:\Users\damarathun\Downloads\ionicApp\backend\node_modules\graphql\execution\execute.js:281:18)
    at executeOperation (C:\Users\damarathun\Downloads\ionicApp\backend\node_modules\graphql\execution\execute.js:225:122)
    at executeImpl (C:\Users\damarathun\Downloads\ionicApp\backend\node_modules\graphql\execution\execute.js:102:14)
    at execute (C:\Users\damarathun\Downloads\ionicApp\backend\node_modules\graphql\execution\execute.js:62:35)
    at C:\Users\damarathun\Downloads\ionicApp\backend\node_modules\express-graphql\index.js:152:16
    at processTicksAndRejections (internal/process/task_queues.js:97:5) {
  locations: [ { line: 2, column: 3 } ],
  path: [ 'institutions' ]
}
[2020-06-09T16:36:28.072] [ERROR] skoolapp - POST /graphql/
[2020-06-09T16:37:28.352] [ERROR] skoolapp - OPTIONS /graphql/
[2020-06-09T16:37:28.356] [ERROR] skoolapp - Error: Not authenticated!
    at Object.institutions (file:///C:/Users/damarathun/Downloads/ionicApp/backend/graphql/resolvers/institutionResolver.js:42:23)
    at defaultFieldResolver (C:\Users\damarathun\Downloads\ionicApp\backend\node_modules\graphql\execution\execute.js:820:36)
    at resolveFieldValueOrError (C:\Users\damarathun\Downloads\ionicApp\backend\node_modules\graphql\execution\execute.js:486:18)
    at resolveField (C:\Users\damarathun\Downloads\ionicApp\backend\node_modules\graphql\execution\execute.js:444:16)
    at executeFields (C:\Users\damarathun\Downloads\ionicApp\backend\node_modules\graphql\execution\execute.js:281:18)
    at executeOperation (C:\Users\damarathun\Downloads\ionicApp\backend\node_modules\graphql\execution\execute.js:225:122)
    at executeImpl (C:\Users\damarathun\Downloads\ionicApp\backend\node_modules\graphql\execution\execute.js:102:14)
    at execute (C:\Users\damarathun\Downloads\ionicApp\backend\node_modules\graphql\execution\execute.js:62:35)
    at C:\Users\damarathun\Downloads\ionicApp\backend\node_modules\express-graphql\index.js:152:16
    at processTicksAndRejections (internal/process/task_queues.js:97:5) {
  locations: [ { line: 2, column: 3 } ],
  path: [ 'institutions' ]
}
[2020-06-09T16:37:28.357] [ERROR] skoolapp - POST /graphql/
[2020-06-09T16:37:54.039] [ERROR] skoolapp - OPTIONS /graphql/
[2020-06-09T16:37:54.478] [ERROR] skoolapp - POST /graphql/
[2020-06-09T16:37:54.560] [ERROR] skoolapp - POST /graphql/
[2020-06-09T16:41:04.386] [ERROR] skoolapp - OPTIONS /graphql/
[2020-06-09T16:41:04.401] [ERROR] skoolapp - POST /graphql/
[2020-06-09T16:41:21.932] [ERROR] skoolapp - OPTIONS /graphql/
[2020-06-09T16:41:21.945] [ERROR] skoolapp - POST /graphql/
[2020-06-09T16:41:36.617] [ERROR] skoolapp - OPTIONS /graphql/
[2020-06-09T16:41:36.631] [ERROR] skoolapp - POST /graphql/
[2020-06-09T16:43:57.223] [ERROR] skoolapp - OPTIONS /graphql/
[2020-06-09T16:43:57.238] [ERROR] skoolapp - POST /graphql/
[2020-06-09T16:45:35.959] [ERROR] skoolapp - OPTIONS /graphql/
[2020-06-09T16:45:35.974] [ERROR] skoolapp - POST /graphql/
[2020-06-09T16:48:00.281] [ERROR] skoolapp - OPTIONS /graphql/
[2020-06-09T16:48:00.297] [ERROR] skoolapp - POST /graphql/
[2020-06-09T16:48:31.858] [ERROR] skoolapp - OPTIONS /graphql/
[2020-06-09T16:48:32.237] [ERROR] skoolapp - POST /graphql/
[2020-06-09T16:48:32.308] [ERROR] skoolapp - POST /graphql/
[2020-06-09T16:50:30.063] [ERROR] skoolapp - OPTIONS /graphql/
[2020-06-09T16:50:30.083] [ERROR] skoolapp - POST /graphql/
[2020-06-09T16:50:30.452] [ERROR] skoolapp - POST /graphql/
[2020-06-09T16:51:44.237] [ERROR] skoolapp - OPTIONS /graphql/
[2020-06-09T16:51:44.249] [ERROR] skoolapp - POST /graphql/
[2020-06-09T16:51:45.129] [ERROR] skoolapp - POST /graphql/
[2020-06-09T16:54:42.030] [ERROR] skoolapp - OPTIONS /graphql/
[2020-06-09T16:54:42.046] [ERROR] skoolapp - POST /graphql/
[2020-06-09T16:54:43.544] [ERROR] skoolapp - POST /graphql/
[2020-06-09T16:54:54.200] [ERROR] skoolapp - OPTIONS /graphql/
[2020-06-09T16:54:54.215] [ERROR] skoolapp - POST /graphql/
[2020-06-09T16:54:55.742] [ERROR] skoolapp - POST /graphql/
[2020-06-09T16:56:06.478] [ERROR] skoolapp - OPTIONS /graphql/
[2020-06-09T16:56:06.496] [ERROR] skoolapp - POST /graphql/
[2020-06-09T16:56:07.565] [ERROR] skoolapp - POST /graphql/
[2020-06-09T16:57:39.509] [ERROR] skoolapp - OPTIONS /graphql/
[2020-06-09T16:57:39.527] [ERROR] skoolapp - POST /graphql/
[2020-06-09T16:57:40.554] [ERROR] skoolapp - POST /graphql/
[2020-06-09T16:59:43.336] [ERROR] skoolapp - OPTIONS /graphql/
[2020-06-09T16:59:43.351] [ERROR] skoolapp - POST /graphql/
[2020-06-09T16:59:45.039] [ERROR] skoolapp - POST /graphql/
[2020-06-09T17:00:04.904] [ERROR] skoolapp - OPTIONS /graphql/
[2020-06-09T17:00:04.921] [ERROR] skoolapp - POST /graphql/
[2020-06-09T17:00:05.635] [ERROR] skoolapp - POST /graphql/
[2020-06-09T18:07:15.785] [ERROR] skoolapp - OPTIONS /graphql/
[2020-06-09T18:07:15.801] [ERROR] skoolapp - POST /graphql/
[2020-06-09T18:07:17.003] [ERROR] skoolapp - POST /graphql/
[2020-06-09T18:08:47.832] [ERROR] skoolapp - OPTIONS /graphql/
[2020-06-09T18:08:47.847] [ERROR] skoolapp - POST /graphql/
[2020-06-09T18:08:49.416] [ERROR] skoolapp - POST /graphql/
[2020-06-09T18:09:54.628] [ERROR] skoolapp - OPTIONS /graphql/
[2020-06-09T18:09:54.644] [ERROR] skoolapp - POST /graphql/
[2020-06-09T18:09:55.938] [ERROR] skoolapp - POST /graphql/
[2020-06-09T18:10:02.981] [ERROR] skoolapp - OPTIONS /graphql/
[2020-06-09T18:10:02.989] [ERROR] skoolapp - POST /graphql/
[2020-06-09T18:11:00.165] [ERROR] skoolapp - OPTIONS /graphql/
[2020-06-09T18:11:00.180] [ERROR] skoolapp - POST /graphql/
[2020-06-09T18:11:02.157] [ERROR] skoolapp - POST /graphql/
[2020-06-09T18:11:28.546] [ERROR] skoolapp - OPTIONS /graphql/
[2020-06-09T18:11:28.560] [ERROR] skoolapp - POST /graphql/
[2020-06-09T18:13:22.995] [ERROR] skoolapp - OPTIONS /graphql/
[2020-06-09T18:13:23.013] [ERROR] skoolapp - POST /graphql/
[2020-06-09T18:13:25.366] [ERROR] skoolapp - POST /graphql/
[2020-06-09T18:15:11.812] [ERROR] skoolapp - OPTIONS /graphql/
[2020-06-09T18:15:11.876] [ERROR] skoolapp - POST /graphql/
[2020-06-09T18:15:12.978] [ERROR] skoolapp - POST /graphql/
[2020-06-09T18:17:32.381] [ERROR] skoolapp - OPTIONS /graphql/
[2020-06-09T18:17:32.394] [ERROR] skoolapp - POST /graphql/
[2020-06-09T18:17:33.548] [ERROR] skoolapp - POST /graphql/
[2020-06-09T18:18:22.327] [ERROR] skoolapp - OPTIONS /graphql/
[2020-06-09T18:18:22.341] [ERROR] skoolapp - POST /graphql/
[2020-06-09T18:18:24.779] [ERROR] skoolapp - POST /graphql/
[2020-06-09T18:20:05.233] [ERROR] skoolapp - OPTIONS /graphql/
[2020-06-09T18:20:05.245] [ERROR] skoolapp - POST /graphql/
[2020-06-09T18:20:06.132] [ERROR] skoolapp - POST /graphql/
[2020-06-09T18:20:56.370] [ERROR] skoolapp - OPTIONS /graphql/
[2020-06-09T18:20:56.381] [ERROR] skoolapp - POST /graphql/
[2020-06-09T18:20:57.268] [ERROR] skoolapp - POST /graphql/
[2020-06-09T18:21:19.811] [ERROR] skoolapp - OPTIONS /graphql/
[2020-06-09T18:21:19.825] [ERROR] skoolapp - POST /graphql/
[2020-06-09T18:21:20.677] [ERROR] skoolapp - POST /graphql/
[2020-06-09T18:21:49.067] [ERROR] skoolapp - OPTIONS /graphql/
[2020-06-09T18:21:49.083] [ERROR] skoolapp - POST /graphql/
[2020-06-09T18:21:50.738] [ERROR] skoolapp - POST /graphql/
[2020-06-09T18:22:32.532] [ERROR] skoolapp - OPTIONS /graphql/
[2020-06-09T18:22:32.542] [ERROR] skoolapp - POST /graphql/
[2020-06-09T18:23:14.452] [ERROR] skoolapp - OPTIONS /graphql/
[2020-06-09T18:23:14.467] [ERROR] skoolapp - POST /graphql/
[2020-06-09T18:23:17.138] [ERROR] skoolapp - POST /graphql/
[2020-06-09T18:23:49.704] [ERROR] skoolapp - OPTIONS /graphql/
[2020-06-09T18:23:49.724] [ERROR] skoolapp - POST /graphql/
[2020-06-09T18:23:51.336] [ERROR] skoolapp - POST /graphql/
[2020-06-09T18:24:37.521] [ERROR] skoolapp - OPTIONS /graphql/
[2020-06-09T18:24:37.533] [ERROR] skoolapp - POST /graphql/
[2020-06-09T18:25:25.044] [ERROR] skoolapp - OPTIONS /graphql/
[2020-06-09T18:25:25.064] [ERROR] skoolapp - POST /graphql/
[2020-06-09T18:25:26.767] [ERROR] skoolapp - POST /graphql/
[2020-06-09T18:25:47.097] [ERROR] skoolapp - OPTIONS /graphql/
[2020-06-09T18:25:47.108] [ERROR] skoolapp - POST /graphql/
[2020-06-09T18:25:49.438] [ERROR] skoolapp - POST /graphql/
[2020-06-09T18:25:51.499] [ERROR] skoolapp - POST /graphql/
[2020-06-09T18:26:46.329] [ERROR] skoolapp - OPTIONS /graphql/
[2020-06-09T18:26:46.340] [ERROR] skoolapp - POST /graphql/
[2020-06-09T18:28:31.992] [ERROR] skoolapp - OPTIONS /graphql/
[2020-06-09T18:28:32.002] [ERROR] skoolapp - POST /graphql/
[2020-06-09T18:30:29.083] [ERROR] skoolapp - OPTIONS /graphql/
[2020-06-09T18:30:29.105] [ERROR] skoolapp - POST /graphql/
[2020-06-09T18:32:50.328] [ERROR] skoolapp - OPTIONS /graphql/
[2020-06-09T18:32:50.342] [ERROR] skoolapp - POST /graphql/
[2020-06-09T18:34:11.389] [ERROR] skoolapp - OPTIONS /graphql/
[2020-06-09T18:34:11.400] [ERROR] skoolapp - POST /graphql/
[2020-06-09T18:36:24.017] [ERROR] skoolapp - OPTIONS /graphql/
[2020-06-09T18:36:24.038] [ERROR] skoolapp - POST /graphql/
[2020-06-09T18:37:20.462] [ERROR] skoolapp - OPTIONS /graphql/
[2020-06-09T18:37:20.472] [ERROR] skoolapp - POST /graphql/
[2020-06-09T18:38:16.689] [ERROR] skoolapp - OPTIONS /graphql/
[2020-06-09T18:38:16.766] [ERROR] skoolapp - POST /graphql/
[2020-06-09T18:38:45.016] [ERROR] skoolapp - OPTIONS /graphql/
[2020-06-09T18:38:45.030] [ERROR] skoolapp - POST /graphql/
[2020-06-09T18:40:56.033] [ERROR] skoolapp - OPTIONS /graphql/
[2020-06-09T18:40:56.046] [ERROR] skoolapp - Error: Error: Institution exists!
    at Object.createInstitution (file:///C:/Users/damarathun/Downloads/ionicApp/backend/graphql/resolvers/institutionResolver.js:103:23) {
  locations: [ { line: 2, column: 3 } ],
  path: [ 'createInstitution' ]
}
[2020-06-09T18:40:56.047] [ERROR] skoolapp - POST /graphql/
[2020-06-09T18:44:05.659] [ERROR] skoolapp - OPTIONS /graphql/
[2020-06-09T18:44:05.670] [ERROR] skoolapp - POST /graphql/
[2020-06-09T18:44:58.610] [ERROR] skoolapp - OPTIONS /graphql/
[2020-06-09T18:44:58.626] [ERROR] skoolapp - POST /graphql/
[2020-06-09T18:45:56.336] [ERROR] skoolapp - OPTIONS /graphql/
[2020-06-09T18:45:56.348] [ERROR] skoolapp - POST /graphql/
[2020-06-09T18:46:45.095] [ERROR] skoolapp - OPTIONS /graphql/
[2020-06-09T18:46:45.128] [ERROR] skoolapp - Error: SequelizeDatabaseError: Column 'phone' cannot be null
    at Object.createInstitution (file:///C:/Users/damarathun/Downloads/ionicApp/backend/graphql/resolvers/institutionResolver.js:103:23) {
  locations: [ { line: 2, column: 3 } ],
  path: [ 'createInstitution' ]
}
[2020-06-09T18:46:45.129] [ERROR] skoolapp - POST /graphql/
[2020-06-09T18:49:59.348] [ERROR] skoolapp - OPTIONS /graphql/
[2020-06-09T18:49:59.351] [ERROR] skoolapp - Error: Not authenticated!
    at Object.institutions (file:///C:/Users/damarathun/Downloads/ionicApp/backend/graphql/resolvers/institutionResolver.js:42:23)
    at defaultFieldResolver (C:\Users\damarathun\Downloads\ionicApp\backend\node_modules\graphql\execution\execute.js:820:36)
    at resolveFieldValueOrError (C:\Users\damarathun\Downloads\ionicApp\backend\node_modules\graphql\execution\execute.js:486:18)
    at resolveField (C:\Users\damarathun\Downloads\ionicApp\backend\node_modules\graphql\execution\execute.js:444:16)
    at executeFields (C:\Users\damarathun\Downloads\ionicApp\backend\node_modules\graphql\execution\execute.js:281:18)
    at executeOperation (C:\Users\damarathun\Downloads\ionicApp\backend\node_modules\graphql\execution\execute.js:225:122)
    at executeImpl (C:\Users\damarathun\Downloads\ionicApp\backend\node_modules\graphql\execution\execute.js:102:14)
    at execute (C:\Users\damarathun\Downloads\ionicApp\backend\node_modules\graphql\execution\execute.js:62:35)
    at C:\Users\damarathun\Downloads\ionicApp\backend\node_modules\express-graphql\index.js:152:16
    at runMicrotasks (<anonymous>)
    at processTicksAndRejections (internal/process/task_queues.js:97:5) {
  locations: [ { line: 2, column: 3 } ],
  path: [ 'institutions' ]
}
[2020-06-09T18:49:59.352] [ERROR] skoolapp - POST /graphql/
[2020-06-09T18:51:25.977] [ERROR] skoolapp - OPTIONS /graphql/
[2020-06-09T18:51:25.980] [ERROR] skoolapp - Error: Not authenticated!
    at Object.institutions (file:///C:/Users/damarathun/Downloads/ionicApp/backend/graphql/resolvers/institutionResolver.js:42:23)
    at defaultFieldResolver (C:\Users\damarathun\Downloads\ionicApp\backend\node_modules\graphql\execution\execute.js:820:36)
    at resolveFieldValueOrError (C:\Users\damarathun\Downloads\ionicApp\backend\node_modules\graphql\execution\execute.js:486:18)
    at resolveField (C:\Users\damarathun\Downloads\ionicApp\backend\node_modules\graphql\execution\execute.js:444:16)
    at executeFields (C:\Users\damarathun\Downloads\ionicApp\backend\node_modules\graphql\execution\execute.js:281:18)
    at executeOperation (C:\Users\damarathun\Downloads\ionicApp\backend\node_modules\graphql\execution\execute.js:225:122)
    at executeImpl (C:\Users\damarathun\Downloads\ionicApp\backend\node_modules\graphql\execution\execute.js:102:14)
    at execute (C:\Users\damarathun\Downloads\ionicApp\backend\node_modules\graphql\execution\execute.js:62:35)
    at C:\Users\damarathun\Downloads\ionicApp\backend\node_modules\express-graphql\index.js:152:16
    at runMicrotasks (<anonymous>)
    at processTicksAndRejections (internal/process/task_queues.js:97:5) {
  locations: [ { line: 2, column: 3 } ],
  path: [ 'institutions' ]
}
[2020-06-09T18:51:25.981] [ERROR] skoolapp - POST /graphql/
[2020-06-09T19:01:09.265] [ERROR] skoolapp - OPTIONS /graphql/
[2020-06-09T19:01:09.269] [ERROR] skoolapp - Error: Not authenticated!
    at Object.institutions (file:///C:/Users/damarathun/Downloads/ionicApp/backend/graphql/resolvers/institutionResolver.js:42:23)
    at defaultFieldResolver (C:\Users\damarathun\Downloads\ionicApp\backend\node_modules\graphql\execution\execute.js:820:36)
    at resolveFieldValueOrError (C:\Users\damarathun\Downloads\ionicApp\backend\node_modules\graphql\execution\execute.js:486:18)
    at resolveField (C:\Users\damarathun\Downloads\ionicApp\backend\node_modules\graphql\execution\execute.js:444:16)
    at executeFields (C:\Users\damarathun\Downloads\ionicApp\backend\node_modules\graphql\execution\execute.js:281:18)
    at executeOperation (C:\Users\damarathun\Downloads\ionicApp\backend\node_modules\graphql\execution\execute.js:225:122)
    at executeImpl (C:\Users\damarathun\Downloads\ionicApp\backend\node_modules\graphql\execution\execute.js:102:14)
    at execute (C:\Users\damarathun\Downloads\ionicApp\backend\node_modules\graphql\execution\execute.js:62:35)
    at C:\Users\damarathun\Downloads\ionicApp\backend\node_modules\express-graphql\index.js:152:16
    at runMicrotasks (<anonymous>)
    at processTicksAndRejections (internal/process/task_queues.js:97:5) {
  locations: [ { line: 2, column: 3 } ],
  path: [ 'institutions' ]
}
[2020-06-09T19:01:09.269] [ERROR] skoolapp - POST /graphql/
[2020-06-09T19:27:38.750] [ERROR] skoolapp - OPTIONS /graphql/
[2020-06-09T19:27:38.754] [ERROR] skoolapp - Error: Not authenticated!
    at Object.institutions (file:///C:/Users/damarathun/Downloads/ionicApp/backend/graphql/resolvers/institutionResolver.js:42:23)
    at defaultFieldResolver (C:\Users\damarathun\Downloads\ionicApp\backend\node_modules\graphql\execution\execute.js:820:36)
    at resolveFieldValueOrError (C:\Users\damarathun\Downloads\ionicApp\backend\node_modules\graphql\execution\execute.js:486:18)
    at resolveField (C:\Users\damarathun\Downloads\ionicApp\backend\node_modules\graphql\execution\execute.js:444:16)
    at executeFields (C:\Users\damarathun\Downloads\ionicApp\backend\node_modules\graphql\execution\execute.js:281:18)
    at executeOperation (C:\Users\damarathun\Downloads\ionicApp\backend\node_modules\graphql\execution\execute.js:225:122)
    at executeImpl (C:\Users\damarathun\Downloads\ionicApp\backend\node_modules\graphql\execution\execute.js:102:14)
    at execute (C:\Users\damarathun\Downloads\ionicApp\backend\node_modules\graphql\execution\execute.js:62:35)
    at C:\Users\damarathun\Downloads\ionicApp\backend\node_modules\express-graphql\index.js:152:16
    at runMicrotasks (<anonymous>)
    at processTicksAndRejections (internal/process/task_queues.js:97:5) {
  locations: [ { line: 2, column: 3 } ],
  path: [ 'institutions' ]
}
[2020-06-09T19:27:38.756] [ERROR] skoolapp - POST /graphql/
[2020-06-09T19:31:58.227] [ERROR] skoolapp - OPTIONS /graphql/
[2020-06-09T19:31:58.236] [ERROR] skoolapp - Error: Not authenticated!
    at Object.institutions (file:///C:/Users/damarathun/Downloads/ionicApp/backend/graphql/resolvers/institutionResolver.js:42:23)
    at defaultFieldResolver (C:\Users\damarathun\Downloads\ionicApp\backend\node_modules\graphql\execution\execute.js:820:36)
    at resolveFieldValueOrError (C:\Users\damarathun\Downloads\ionicApp\backend\node_modules\graphql\execution\execute.js:486:18)
    at resolveField (C:\Users\damarathun\Downloads\ionicApp\backend\node_modules\graphql\execution\execute.js:444:16)
    at executeFields (C:\Users\damarathun\Downloads\ionicApp\backend\node_modules\graphql\execution\execute.js:281:18)
    at executeOperation (C:\Users\damarathun\Downloads\ionicApp\backend\node_modules\graphql\execution\execute.js:225:122)
    at executeImpl (C:\Users\damarathun\Downloads\ionicApp\backend\node_modules\graphql\execution\execute.js:102:14)
    at execute (C:\Users\damarathun\Downloads\ionicApp\backend\node_modules\graphql\execution\execute.js:62:35)
    at C:\Users\damarathun\Downloads\ionicApp\backend\node_modules\express-graphql\index.js:152:16
    at runMicrotasks (<anonymous>)
    at processTicksAndRejections (internal/process/task_queues.js:97:5) {
  locations: [ { line: 2, column: 3 } ],
  path: [ 'institutions' ]
}
[2020-06-09T19:31:58.237] [ERROR] skoolapp - POST /graphql/
[2020-06-09T19:36:33.268] [ERROR] skoolapp - OPTIONS /graphql/
[2020-06-09T19:36:33.271] [ERROR] skoolapp - Error: Not authenticated!
    at Object.institutions (file:///C:/Users/damarathun/Downloads/ionicApp/backend/graphql/resolvers/institutionResolver.js:42:23)
    at defaultFieldResolver (C:\Users\damarathun\Downloads\ionicApp\backend\node_modules\graphql\execution\execute.js:820:36)
    at resolveFieldValueOrError (C:\Users\damarathun\Downloads\ionicApp\backend\node_modules\graphql\execution\execute.js:486:18)
    at resolveField (C:\Users\damarathun\Downloads\ionicApp\backend\node_modules\graphql\execution\execute.js:444:16)
    at executeFields (C:\Users\damarathun\Downloads\ionicApp\backend\node_modules\graphql\execution\execute.js:281:18)
    at executeOperation (C:\Users\damarathun\Downloads\ionicApp\backend\node_modules\graphql\execution\execute.js:225:122)
    at executeImpl (C:\Users\damarathun\Downloads\ionicApp\backend\node_modules\graphql\execution\execute.js:102:14)
    at execute (C:\Users\damarathun\Downloads\ionicApp\backend\node_modules\graphql\execution\execute.js:62:35)
    at C:\Users\damarathun\Downloads\ionicApp\backend\node_modules\express-graphql\index.js:152:16
    at runMicrotasks (<anonymous>)
    at processTicksAndRejections (internal/process/task_queues.js:97:5) {
  locations: [ { line: 2, column: 3 } ],
  path: [ 'institutions' ]
}
[2020-06-09T19:36:33.272] [ERROR] skoolapp - POST /graphql/
[2020-06-09T19:36:49.149] [ERROR] skoolapp - OPTIONS /graphql/
[2020-06-09T19:36:49.536] [ERROR] skoolapp - POST /graphql/
[2020-06-09T19:36:49.592] [ERROR] skoolapp - POST /graphql/
[2020-06-09T19:42:11.065] [ERROR] skoolapp - OPTIONS /graphql/
[2020-06-09T19:42:11.080] [ERROR] skoolapp - POST /graphql/
[2020-06-09T19:44:23.575] [ERROR] skoolapp - OPTIONS /graphql/
[2020-06-09T19:44:23.586] [ERROR] skoolapp - POST /graphql/
[2020-06-09T19:45:06.317] [ERROR] skoolapp - OPTIONS /graphql/
[2020-06-09T19:45:06.352] [ERROR] skoolapp - POST /graphql/
[2020-06-09T19:45:41.902] [ERROR] skoolapp - OPTIONS /graphql/
[2020-06-09T19:45:41.915] [ERROR] skoolapp - POST /graphql/
[2020-06-09T19:46:02.679] [ERROR] skoolapp - OPTIONS /graphql/
[2020-06-09T19:46:03.068] [ERROR] skoolapp - Error: Password is incorrect.
    at Object.login (file:///C:/Users/damarathun/Downloads/ionicApp/backend/graphql/resolvers/userResolver.js:77:23)
    at async Promise.all (index 0) {
  locations: [ { line: 2, column: 3 } ],
  path: [ 'login' ]
}
[2020-06-09T19:46:03.069] [ERROR] skoolapp - POST /graphql/
[2020-06-09T19:46:20.499] [ERROR] skoolapp - OPTIONS /graphql/
[2020-06-09T19:46:20.519] [ERROR] skoolapp - Error: User not found.
    at Object.login (file:///C:/Users/damarathun/Downloads/ionicApp/backend/graphql/resolvers/userResolver.js:68:23)
    at async Promise.all (index 0) {
  locations: [ { line: 2, column: 3 } ],
  path: [ 'login' ]
}
[2020-06-09T19:46:20.519] [ERROR] skoolapp - POST /graphql/
[2020-06-09T19:47:45.089] [ERROR] skoolapp - OPTIONS /graphql/
[2020-06-09T19:47:45.150] [ERROR] skoolapp - Error: Password or Email is incorrect.
    at Object.login (file:///C:/Users/damarathun/Downloads/ionicApp/backend/graphql/resolvers/userResolver.js:68:23)
    at async Promise.all (index 0) {
  locations: [ { line: 2, column: 3 } ],
  path: [ 'login' ]
}
[2020-06-09T19:47:45.153] [ERROR] skoolapp - POST /graphql/
[2020-06-09T19:47:48.758] [ERROR] skoolapp - Error: Password or Email is incorrect.
    at Object.login (file:///C:/Users/damarathun/Downloads/ionicApp/backend/graphql/resolvers/userResolver.js:68:23)
    at async Promise.all (index 0) {
  locations: [ { line: 2, column: 3 } ],
  path: [ 'login' ]
}
[2020-06-09T19:47:48.758] [ERROR] skoolapp - POST /graphql/
[2020-06-09T19:47:58.213] [ERROR] skoolapp - OPTIONS /graphql/
[2020-06-09T19:47:58.282] [ERROR] skoolapp - Error: Password or email is incorrect.
    at Object.login (file:///C:/Users/damarathun/Downloads/ionicApp/backend/graphql/resolvers/userResolver.js:68:23)
    at async Promise.all (index 0) {
  locations: [ { line: 2, column: 3 } ],
  path: [ 'login' ]
}
[2020-06-09T19:47:58.285] [ERROR] skoolapp - POST /graphql/
[2020-06-09T19:48:37.766] [ERROR] skoolapp - OPTIONS /graphql/
[2020-06-09T19:48:37.788] [ERROR] skoolapp - POST /graphql/
[2020-06-09T19:49:08.132] [ERROR] skoolapp - OPTIONS /graphql/
[2020-06-09T19:49:08.145] [ERROR] skoolapp - POST /graphql/
[2020-06-09T19:50:21.698] [ERROR] skoolapp - OPTIONS /graphql/
[2020-06-09T19:50:21.717] [ERROR] skoolapp - POST /graphql/
[2020-06-09T19:50:23.321] [ERROR] skoolapp - POST /graphql/
[2020-06-09T19:57:37.462] [ERROR] skoolapp - OPTIONS /graphql/
[2020-06-09T19:57:37.484] [ERROR] skoolapp - POST /graphql/
[2020-06-09T19:57:39.195] [ERROR] skoolapp - POST /graphql/
[2020-06-09T20:11:36.918] [ERROR] skoolapp - OPTIONS /graphql/
[2020-06-09T20:11:36.939] [ERROR] skoolapp - POST /graphql/
[2020-06-09T20:11:37.919] [ERROR] skoolapp - POST /graphql/
[2020-06-09T20:11:54.016] [ERROR] skoolapp - OPTIONS /graphql/
[2020-06-09T20:11:54.032] [ERROR] skoolapp - POST /graphql/
[2020-06-09T20:12:29.398] [ERROR] skoolapp - OPTIONS /graphql/
[2020-06-09T20:12:29.411] [ERROR] skoolapp - POST /graphql/
[2020-06-09T20:12:40.139] [ERROR] skoolapp - OPTIONS /graphql/
[2020-06-09T20:12:40.154] [ERROR] skoolapp - POST /graphql/
[2020-06-09T20:14:50.920] [ERROR] skoolapp - OPTIONS /graphql/
[2020-06-09T20:14:51.295] [ERROR] skoolapp - POST /graphql/
[2020-06-09T20:14:51.363] [ERROR] skoolapp - POST /graphql/
[2020-06-09T20:16:55.920] [ERROR] skoolapp - OPTIONS /graphql/
[2020-06-09T20:16:56.273] [ERROR] skoolapp - POST /graphql/
[2020-06-09T20:16:56.327] [ERROR] skoolapp - POST /graphql/
[2020-06-09T20:25:46.525] [ERROR] skoolapp - OPTIONS /graphql/
[2020-06-09T20:25:46.906] [ERROR] skoolapp - POST /graphql/
[2020-06-09T20:29:24.290] [ERROR] skoolapp - OPTIONS /graphql/
[2020-06-09T20:29:24.302] [ERROR] skoolapp - Error: Error: User exists already!
    at Object.createUser (file:///C:/Users/damarathun/Downloads/ionicApp/backend/graphql/resolvers/userResolver.js:168:23) {
  locations: [ { line: 2, column: 3 } ],
  path: [ 'createUser' ]
}
[2020-06-09T20:29:24.302] [ERROR] skoolapp - POST /graphql/
[2020-06-09T20:29:48.945] [ERROR] skoolapp - OPTIONS /graphql/
[2020-06-09T20:29:49.298] [ERROR] skoolapp - POST /graphql/
[2020-06-09T20:40:15.856] [ERROR] skoolapp - OPTIONS /graphql/
[2020-06-09T20:40:16.307] [ERROR] skoolapp - POST /graphql/
[2020-06-09T20:41:23.947] [ERROR] skoolapp - OPTIONS /graphql/
[2020-06-09T20:41:24.324] [ERROR] skoolapp - POST /graphql/
[2020-06-09T20:42:14.235] [ERROR] skoolapp - OPTIONS /graphql/
[2020-06-09T20:42:14.596] [ERROR] skoolapp - Error: Password or email is incorrect.
    at Object.login (file:///C:/Users/damarathun/Downloads/ionicApp/backend/graphql/resolvers/userResolver.js:74:23)
    at async Promise.all (index 0) {
  locations: [ { line: 2, column: 3 } ],
  path: [ 'login' ]
}
[2020-06-09T20:42:14.597] [ERROR] skoolapp - POST /graphql/
[2020-06-09T20:42:25.646] [ERROR] skoolapp - OPTIONS /graphql/
[2020-06-09T20:42:25.987] [ERROR] skoolapp - POST /graphql/
[2020-06-09T20:42:26.056] [ERROR] skoolapp - POST /graphql/
[2020-06-09T20:43:33.688] [ERROR] skoolapp - OPTIONS /graphql/
[2020-06-09T20:43:33.719] [ERROR] skoolapp - POST /graphql/
[2020-06-09T20:44:35.440] [ERROR] skoolapp - OPTIONS /graphql/
[2020-06-09T20:44:35.458] [ERROR] skoolapp - POST /graphql/
[2020-06-09T20:45:41.719] [ERROR] skoolapp - OPTIONS /graphql/
[2020-06-09T20:45:42.072] [ERROR] skoolapp - POST /graphql/
[2020-06-09T20:47:04.475] [ERROR] skoolapp - OPTIONS /graphql/
[2020-06-09T20:47:04.490] [ERROR] skoolapp - Error: Error: User exists already!
    at Object.createUser (file:///C:/Users/damarathun/Downloads/ionicApp/backend/graphql/resolvers/userResolver.js:165:23) {
  locations: [ { line: 2, column: 3 } ],
  path: [ 'createUser' ]
}
[2020-06-09T20:47:04.491] [ERROR] skoolapp - POST /graphql/
[2020-06-09T20:47:26.615] [ERROR] skoolapp - OPTIONS /graphql/
[2020-06-09T20:47:26.979] [ERROR] skoolapp - POST /graphql/
[2020-06-09T20:56:32.386] [ERROR] skoolapp - OPTIONS /graphql/
[2020-06-09T20:56:32.757] [ERROR] skoolapp - POST /graphql/
[2020-06-09T21:03:48.172] [ERROR] skoolapp - OPTIONS /graphql/
[2020-06-09T21:03:48.537] [ERROR] skoolapp - POST /graphql/
[2020-06-09T21:11:25.739] [ERROR] skoolapp - OPTIONS /graphql/
[2020-06-09T21:11:26.105] [ERROR] skoolapp - POST /graphql/
[2020-06-09T21:11:33.774] [ERROR] skoolapp - OPTIONS /graphql/
[2020-06-09T21:11:34.117] [ERROR] skoolapp - POST /graphql/
[2020-06-09T21:11:34.166] [ERROR] skoolapp - POST /graphql/
[2020-06-09T21:12:30.801] [ERROR] skoolapp - OPTIONS /graphql/
[2020-06-09T21:12:30.823] [ERROR] skoolapp - POST /graphql/
[2020-06-09T21:16:37.206] [ERROR] skoolapp - OPTIONS /graphql/
[2020-06-09T21:16:37.227] [ERROR] skoolapp - POST /graphql/
[2020-06-09T21:16:37.268] [ERROR] skoolapp - POST /graphql/
[2020-06-09T21:22:37.378] [ERROR] skoolapp - OPTIONS /graphql/
[2020-06-09T21:22:37.400] [ERROR] skoolapp - POST /graphql/
[2020-06-09T21:26:59.725] [ERROR] skoolapp - OPTIONS /graphql/
[2020-06-09T21:26:59.756] [ERROR] skoolapp - POST /graphql/
[2020-06-09T21:27:14.285] [ERROR] skoolapp - OPTIONS /graphql/
[2020-06-09T21:27:14.296] [ERROR] skoolapp - POST /graphql/
[2020-06-09T21:42:09.094] [ERROR] skoolapp - OPTIONS /graphql/
[2020-06-09T21:42:09.123] [ERROR] skoolapp - POST /graphql/
[2020-06-09T21:44:28.114] [ERROR] skoolapp - OPTIONS /graphql/
[2020-06-09T21:44:28.141] [ERROR] skoolapp - POST /graphql/
[2020-06-09T21:48:04.354] [ERROR] skoolapp - OPTIONS /graphql/
[2020-06-09T21:48:04.374] [ERROR] skoolapp - POST /graphql/
